/home/izhleba/bin/clion-2016.3.2/bin/cmake/bin/cmake -DCMAKE_BUILD_TYPE=Debug -G "CodeBlocks - Unix Makefiles" /home/izhleba/hdd/ws/slam-constructor/exp/src
-- Using CATKIN_DEVEL_PREFIX: /home/izhleba/hdd/ws/slam-constructor/exp/src/cmake-build-debug/devel
-- Using CMAKE_PREFIX_PATH: 
-- Using PYTHON_EXECUTABLE: /home/izhleba/anaconda3/bin/python
-- Using Debian Python package layout
-- Using empy: /usr/bin/empy
-- Using CATKIN_ENABLE_TESTING: ON
-- Call enable_testing()
-- Using CATKIN_TEST_RESULTS_DIR: /home/izhleba/hdd/ws/slam-constructor/exp/src/cmake-build-debug/test_results
-- Found gtest sources under '/usr/src/gtest': gtests will be built
-- Using Python nosetests: /home/izhleba/anaconda3/bin/nosetests
-- catkin 0.7.6
Traceback (most recent call last):
  File "/home/izhleba/hdd/ws/slam-constructor/exp/src/cmake-build-debug/catkin_generated/generate_cached_setup.py", line 12, in <module>
    from catkin.environment_cache import generate_environment_script
ModuleNotFoundError: No module named 'catkin'

During handling of the above exception, another exception occurred:

Traceback (most recent call last):
  File "/home/izhleba/hdd/ws/slam-constructor/exp/src/cmake-build-debug/catkin_generated/generate_cached_setup.py", line 20, in <module>
    from catkin.environment_cache import generate_environment_script
ModuleNotFoundError: No module named 'catkin'
CMake Error at /opt/ros/kinetic/share/catkin/cmake/safe_execute_process.cmake:11 (message):
  execute_process(/home/izhleba/anaconda3/bin/python
  "/home/izhleba/hdd/ws/slam-constructor/exp/src/cmake-build-debug/catkin_generated/generate_cached_setup.py")
  returned error code 1
Call Stack (most recent call first):
  /opt/ros/kinetic/share/catkin/cmake/all.cmake:186 (safe_execute_process)
  /opt/ros/kinetic/share/catkin/cmake/catkinConfig.cmake:20 (include)
  CMakeLists.txt:52 (find_package)


-- Configuring incomplete, errors occurred!
See also "/home/izhleba/hdd/ws/slam-constructor/exp/src/cmake-build-debug/CMakeFiles/CMakeOutput.log".
See also "/home/izhleba/hdd/ws/slam-constructor/exp/src/cmake-build-debug/CMakeFiles/CMakeError.log".
